<?xml version="1.0" encoding="UTF-8"?>
<!-- Generated by org.testng.reporters.JUnitXMLReporter -->
<testsuite ignored="0" hostname="THOUFIC" failures="0" tests="3" name="ExcelDemo" time="2.126" errors="0" timestamp="25 Dec 2019 19:49:24 GMT">
  <testcase classname="com.qa.crm.test.EntryPageTest" name="@BeforeMethod setUp" time="2.04">
    <failure type="org.openqa.selenium.SessionNotCreatedException" message="session not created: This version of ChromeDriver only supports Chrome version 76
Build info: version: &amp;apos;3.141.59&amp;apos;, revision: &amp;apos;e82be7d358&amp;apos;, time: &amp;apos;2018-11-14T08:17:03&amp;apos;
System info: host: &amp;apos;THOUFIC&amp;apos;, ip: &amp;apos;192.168.31.12&amp;apos;, os.name: &amp;apos;Windows 8.1&amp;apos;, os.arch: &amp;apos;amd64&amp;apos;, os.version: &amp;apos;6.3&amp;apos;, java.version: &amp;apos;11.0.4&amp;apos;
Driver info: driver.version: ChromeDriver
remote stacktrace: Backtrace:
	Ordinal0 [0x00AD7C93+1473683]
	Ordinal0 [0x00A5ADB1+961969]
	Ordinal0 [0x009E42E3+475875]
	Ordinal0 [0x0097F365+62309]
	Ordinal0 [0x0097BC77+48247]
	Ordinal0 [0x00999149+168265]
	Ordinal0 [0x00998D1D+167197]
	Ordinal0 [0x0099742B+160811]
	Ordinal0 [0x00980AE6+68326]
	Ordinal0 [0x00981BF0+72688]
	Ordinal0 [0x00981B89+72585]
	Ordinal0 [0x00A74B77+1067895]
	GetHandleVerifier [0x00B76875+506677]
	GetHandleVerifier [0x00B76610+506064]
	GetHandleVerifier [0x00B7D1B8+533624]
	GetHandleVerifier [0x00B7704A+508682]
	Ordinal0 [0x00A6C266+1032806]
	Ordinal0 [0x00A6C0DF+1032415]
	Ordinal0 [0x00A76A8B+1075851]
	Ordinal0 [0x00A76BF3+1076211]
	Ordinal0 [0x00A75BA5+1072037]
	BaseThreadInitThunk [0x77636A14+36]
	RtlInitializeExceptionChain [0x77C2AD8F+143]
	RtlInitializeExceptionChain [0x77C2AD5A+90]
">
      <![CDATA[org.openqa.selenium.SessionNotCreatedException: session not created: This version of ChromeDriver only supports Chrome version 76
Build info: version: '3.141.59', revision: 'e82be7d358', time: '2018-11-14T08:17:03'
System info: host: 'THOUFIC', ip: '192.168.31.12', os.name: 'Windows 8.1', os.arch: 'amd64', os.version: '6.3', java.version: '11.0.4'
Driver info: driver.version: ChromeDriver
remote stacktrace: Backtrace:
Ordinal0 [0x00AD7C93+1473683]
Ordinal0 [0x00A5ADB1+961969]
Ordinal0 [0x009E42E3+475875]
Ordinal0 [0x0097F365+62309]
Ordinal0 [0x0097BC77+48247]
Ordinal0 [0x00999149+168265]
Ordinal0 [0x00998D1D+167197]
Ordinal0 [0x0099742B+160811]
Ordinal0 [0x00980AE6+68326]
Ordinal0 [0x00981BF0+72688]
Ordinal0 [0x00981B89+72585]
Ordinal0 [0x00A74B77+1067895]
GetHandleVerifier [0x00B76875+506677]
GetHandleVerifier [0x00B76610+506064]
GetHandleVerifier [0x00B7D1B8+533624]
GetHandleVerifier [0x00B7704A+508682]
Ordinal0 [0x00A6C266+1032806]
Ordinal0 [0x00A6C0DF+1032415]
Ordinal0 [0x00A76A8B+1075851]
Ordinal0 [0x00A76BF3+1076211]
Ordinal0 [0x00A75BA5+1072037]
BaseThreadInitThunk [0x77636A14+36]
RtlInitializeExceptionChain [0x77C2AD8F+143]
RtlInitializeExceptionChain [0x77C2AD5A+90]

at org.openqa.selenium.remote.W3CHandshakeResponse.lambda$errorHandler$0(W3CHandshakeResponse.java:62)
at org.openqa.selenium.remote.HandshakeResponse.lambda$getResponseFunction$0(HandshakeResponse.java:30)
at org.openqa.selenium.remote.ProtocolHandshake.lambda$createSession$0(ProtocolHandshake.java:126)
at java.base/java.util.stream.ReferencePipeline$3$1.accept(ReferencePipeline.java:195)
at java.base/java.util.Spliterators$ArraySpliterator.tryAdvance(Spliterators.java:958)
at java.base/java.util.stream.ReferencePipeline.forEachWithCancel(ReferencePipeline.java:127)
at java.base/java.util.stream.AbstractPipeline.copyIntoWithCancel(AbstractPipeline.java:502)
at java.base/java.util.stream.AbstractPipeline.copyInto(AbstractPipeline.java:488)
at java.base/java.util.stream.AbstractPipeline.wrapAndCopyInto(AbstractPipeline.java:474)
at java.base/java.util.stream.FindOps$FindOp.evaluateSequential(FindOps.java:150)
at java.base/java.util.stream.AbstractPipeline.evaluate(AbstractPipeline.java:234)
at java.base/java.util.stream.ReferencePipeline.findFirst(ReferencePipeline.java:543)
at org.openqa.selenium.remote.ProtocolHandshake.createSession(ProtocolHandshake.java:128)
at org.openqa.selenium.remote.ProtocolHandshake.createSession(ProtocolHandshake.java:74)
at org.openqa.selenium.remote.HttpCommandExecutor.execute(HttpCommandExecutor.java:136)
at org.openqa.selenium.remote.service.DriverCommandExecutor.execute(DriverCommandExecutor.java:83)
at org.openqa.selenium.remote.RemoteWebDriver.execute(RemoteWebDriver.java:552)
at org.openqa.selenium.remote.RemoteWebDriver.startSession(RemoteWebDriver.java:213)
at org.openqa.selenium.remote.RemoteWebDriver.<init>(RemoteWebDriver.java:131)
at org.openqa.selenium.chrome.ChromeDriver.<init>(ChromeDriver.java:181)
at org.openqa.selenium.chrome.ChromeDriver.<init>(ChromeDriver.java:168)
at org.openqa.selenium.chrome.ChromeDriver.<init>(ChromeDriver.java:123)
at com.qa.basetest.BaseTest.initialization(BaseTest.java:29)
at com.qa.crm.test.EntryPageTest.setUp(EntryPageTest.java:23)
... Removed 32 stack frames]]>
    </failure>
  </testcase> <!-- @BeforeMethod setUp -->
  <testcase classname="com.qa.crm.test.EntryPageTest" name="@AfterMethod tearDown" time="0.0">
    <skipped/>
  </testcase> <!-- @AfterMethod tearDown -->
  <testcase classname="com.qa.crm.test.EntryPageTest" name="@BeforeMethod setUp" time="0.0">
    <skipped/>
  </testcase> <!-- @BeforeMethod setUp -->
  <testcase classname="com.qa.crm.test.EntryPageTest" name="@AfterMethod tearDown" time="0.0">
    <skipped/>
  </testcase> <!-- @AfterMethod tearDown -->
  <testcase classname="com.qa.crm.test.EntryPageTest" name="@BeforeMethod setUp" time="0.0">
    <skipped/>
  </testcase> <!-- @BeforeMethod setUp -->
  <testcase classname="com.qa.crm.test.EntryPageTest" name="@AfterMethod tearDown" time="0.0">
    <skipped/>
  </testcase> <!-- @AfterMethod tearDown -->
  <testcase classname="com.qa.crm.test.EntryPageTest" name="entryPageTitleTest" time="0.0">
    <skipped/>
  </testcase> <!-- entryPageTitleTest -->
  <testcase classname="com.qa.crm.test.EntryPageTest" name="loginButtonTest" time="0.0">
    <skipped/>
  </testcase> <!-- loginButtonTest -->
  <testcase classname="com.qa.crm.test.EntryPageTest" name="loginButtonClickTest" time="0.0">
    <skipped/>
  </testcase> <!-- loginButtonClickTest -->
</testsuite> <!-- ExcelDemo -->
