<!DOCTYPE html PUBLIC "-//W3C//DTD XHTML 1.1//EN" "http://www.w3.org/TR/xhtml11/DTD/xhtml11.dtd">
<html xmlns="http://www.w3.org/1999/xhtml">
<head>
<meta http-equiv="content-type" content="text/html; charset=UTF-8"/>
<title>TestNG Report</title>
<style type="text/css">table {margin-bottom:10px;border-collapse:collapse;empty-cells:show}th,td {border:1px solid #009;padding:.25em .5em}th {vertical-align:bottom}td {vertical-align:top}table a {font-weight:bold}.stripe td {background-color: #E6EBF9}.num {text-align:right}.passedodd td {background-color: #3F3}.passedeven td {background-color: #0A0}.skippedodd td {background-color: #DDD}.skippedeven td {background-color: #CCC}.failedodd td,.attn {background-color: #F33}.failedeven td,.stripe .attn {background-color: #D00}.stacktrace {white-space:pre;font-family:monospace}.totop {font-size:85%;text-align:center;border-bottom:2px solid #000}.invisible {display:none}</style>
</head>
<body>
<table>
<tr><th>Test</th><th># Passed</th><th># Skipped</th><th># Failed</th><th>Time (ms)</th><th>Included Groups</th><th>Excluded Groups</th></tr>
<tr><th colspan="7">ExcelTest</th></tr>
<tr><td><a href="#t0">ExcelDemo</a></td><td class="num">0</td><td class="num attn">3</td><td class="num">0</td><td class="num">2,126</td><td></td><td></td></tr>
</table>
<table id='summary'><thead><tr><th>Class</th><th>Method</th><th>Start</th><th>Time (ms)</th></tr></thead><tbody><tr><th colspan="4">ExcelTest</th></tr></tbody><tbody id="t0"><tr><th colspan="4">ExcelDemo &#8212; failed (configuration methods)</th></tr><tr class="failedeven"><td rowspan="1">com.qa.crm.test.EntryPageTest</td><td><a href="#m0">setUp</a></td><td rowspan="1">1577303362565</td><td rowspan="1">2040</td></tr><tr><th colspan="4">ExcelDemo &#8212; skipped (configuration methods)</th></tr><tr class="skippedeven"><td rowspan="5">com.qa.crm.test.EntryPageTest</td><td><a href="#m1">setUp</a></td><td rowspan="2">1577303364655</td><td rowspan="2">0</td></tr><tr class="skippedeven"><td><a href="#m2">setUp</a></td></tr><tr class="skippedeven"><td><a href="#m3">tearDown</a></td><td rowspan="3">1577303364665</td><td rowspan="3">0</td></tr><tr class="skippedeven"><td><a href="#m4">tearDown</a></td></tr><tr class="skippedeven"><td><a href="#m5">tearDown</a></td></tr><tr><th colspan="4">ExcelDemo &#8212; skipped</th></tr><tr class="skippedeven"><td rowspan="3">com.qa.crm.test.EntryPageTest</td><td><a href="#m6">entryPageTitleTest</a></td><td rowspan="1">1577303364623</td><td rowspan="1">0</td></tr><tr class="skippedeven"><td><a href="#m7">loginButtonClickTest</a></td><td rowspan="1">1577303364659</td><td rowspan="1">0</td></tr><tr class="skippedeven"><td><a href="#m8">loginButtonTest</a></td><td rowspan="1">1577303364645</td><td rowspan="1">0</td></tr></tbody>
</table>
<h2>ExcelDemo</h2><h3 id="m0">com.qa.crm.test.EntryPageTest#setUp</h3><table class="result"><tr><th>Exception</th></tr><tr><td><div class="stacktrace">org.openqa.selenium.SessionNotCreatedException: session not created: This version of ChromeDriver only supports Chrome version 76
Build info: version: &apos;3.141.59&apos;, revision: &apos;e82be7d358&apos;, time: &apos;2018-11-14T08:17:03&apos;
System info: host: &apos;THOUFIC&apos;, ip: &apos;192.168.31.12&apos;, os.name: &apos;Windows 8.1&apos;, os.arch: &apos;amd64&apos;, os.version: &apos;6.3&apos;, java.version: &apos;11.0.4&apos;
Driver info: driver.version: ChromeDriver
remote stacktrace: Backtrace:
	Ordinal0 [0x00AD7C93+1473683]
	Ordinal0 [0x00A5ADB1+961969]
	Ordinal0 [0x009E42E3+475875]
	Ordinal0 [0x0097F365+62309]
	Ordinal0 [0x0097BC77+48247]
	Ordinal0 [0x00999149+168265]
	Ordinal0 [0x00998D1D+167197]
	Ordinal0 [0x0099742B+160811]
	Ordinal0 [0x00980AE6+68326]
	Ordinal0 [0x00981BF0+72688]
	Ordinal0 [0x00981B89+72585]
	Ordinal0 [0x00A74B77+1067895]
	GetHandleVerifier [0x00B76875+506677]
	GetHandleVerifier [0x00B76610+506064]
	GetHandleVerifier [0x00B7D1B8+533624]
	GetHandleVerifier [0x00B7704A+508682]
	Ordinal0 [0x00A6C266+1032806]
	Ordinal0 [0x00A6C0DF+1032415]
	Ordinal0 [0x00A76A8B+1075851]
	Ordinal0 [0x00A76BF3+1076211]
	Ordinal0 [0x00A75BA5+1072037]
	BaseThreadInitThunk [0x77636A14+36]
	RtlInitializeExceptionChain [0x77C2AD8F+143]
	RtlInitializeExceptionChain [0x77C2AD5A+90]

	at org.openqa.selenium.remote.W3CHandshakeResponse.lambda$errorHandler$0(W3CHandshakeResponse.java:62)
	at org.openqa.selenium.remote.HandshakeResponse.lambda$getResponseFunction$0(HandshakeResponse.java:30)
	at org.openqa.selenium.remote.ProtocolHandshake.lambda$createSession$0(ProtocolHandshake.java:126)
	at java.base/java.util.stream.ReferencePipeline$3$1.accept(ReferencePipeline.java:195)
	at java.base/java.util.Spliterators$ArraySpliterator.tryAdvance(Spliterators.java:958)
	at java.base/java.util.stream.ReferencePipeline.forEachWithCancel(ReferencePipeline.java:127)
	at java.base/java.util.stream.AbstractPipeline.copyIntoWithCancel(AbstractPipeline.java:502)
	at java.base/java.util.stream.AbstractPipeline.copyInto(AbstractPipeline.java:488)
	at java.base/java.util.stream.AbstractPipeline.wrapAndCopyInto(AbstractPipeline.java:474)
	at java.base/java.util.stream.FindOps$FindOp.evaluateSequential(FindOps.java:150)
	at java.base/java.util.stream.AbstractPipeline.evaluate(AbstractPipeline.java:234)
	at java.base/java.util.stream.ReferencePipeline.findFirst(ReferencePipeline.java:543)
	at org.openqa.selenium.remote.ProtocolHandshake.createSession(ProtocolHandshake.java:128)
	at org.openqa.selenium.remote.ProtocolHandshake.createSession(ProtocolHandshake.java:74)
	at org.openqa.selenium.remote.HttpCommandExecutor.execute(HttpCommandExecutor.java:136)
	at org.openqa.selenium.remote.service.DriverCommandExecutor.execute(DriverCommandExecutor.java:83)
	at org.openqa.selenium.remote.RemoteWebDriver.execute(RemoteWebDriver.java:552)
	at org.openqa.selenium.remote.RemoteWebDriver.startSession(RemoteWebDriver.java:213)
	at org.openqa.selenium.remote.RemoteWebDriver.&lt;init&gt;(RemoteWebDriver.java:131)
	at org.openqa.selenium.chrome.ChromeDriver.&lt;init&gt;(ChromeDriver.java:181)
	at org.openqa.selenium.chrome.ChromeDriver.&lt;init&gt;(ChromeDriver.java:168)
	at org.openqa.selenium.chrome.ChromeDriver.&lt;init&gt;(ChromeDriver.java:123)
	at com.qa.basetest.BaseTest.initialization(BaseTest.java:29)
	at com.qa.crm.test.EntryPageTest.setUp(EntryPageTest.java:23)
... Removed 32 stack frames</div></td></tr></table><p class="totop"><a href="#summary">back to summary</a></p>
<h3 id="m1">com.qa.crm.test.EntryPageTest#setUp</h3><table class="result"><tr><th class="invisible"/></tr></table><p class="totop"><a href="#summary">back to summary</a></p>
<h3 id="m2">com.qa.crm.test.EntryPageTest#setUp</h3><table class="result"><tr><th class="invisible"/></tr></table><p class="totop"><a href="#summary">back to summary</a></p>
<h3 id="m3">com.qa.crm.test.EntryPageTest#tearDown</h3><table class="result"><tr><th class="invisible"/></tr></table><p class="totop"><a href="#summary">back to summary</a></p>
<h3 id="m4">com.qa.crm.test.EntryPageTest#tearDown</h3><table class="result"><tr><th class="invisible"/></tr></table><p class="totop"><a href="#summary">back to summary</a></p>
<h3 id="m5">com.qa.crm.test.EntryPageTest#tearDown</h3><table class="result"><tr><th class="invisible"/></tr></table><p class="totop"><a href="#summary">back to summary</a></p>
<h3 id="m6">com.qa.crm.test.EntryPageTest#entryPageTitleTest</h3><table class="result"><tr><th>Exception</th></tr><tr><td><div class="stacktrace">org.openqa.selenium.SessionNotCreatedException: session not created: This version of ChromeDriver only supports Chrome version 76
Build info: version: &apos;3.141.59&apos;, revision: &apos;e82be7d358&apos;, time: &apos;2018-11-14T08:17:03&apos;
System info: host: &apos;THOUFIC&apos;, ip: &apos;192.168.31.12&apos;, os.name: &apos;Windows 8.1&apos;, os.arch: &apos;amd64&apos;, os.version: &apos;6.3&apos;, java.version: &apos;11.0.4&apos;
Driver info: driver.version: ChromeDriver
remote stacktrace: Backtrace:
	Ordinal0 [0x00AD7C93+1473683]
	Ordinal0 [0x00A5ADB1+961969]
	Ordinal0 [0x009E42E3+475875]
	Ordinal0 [0x0097F365+62309]
	Ordinal0 [0x0097BC77+48247]
	Ordinal0 [0x00999149+168265]
	Ordinal0 [0x00998D1D+167197]
	Ordinal0 [0x0099742B+160811]
	Ordinal0 [0x00980AE6+68326]
	Ordinal0 [0x00981BF0+72688]
	Ordinal0 [0x00981B89+72585]
	Ordinal0 [0x00A74B77+1067895]
	GetHandleVerifier [0x00B76875+506677]
	GetHandleVerifier [0x00B76610+506064]
	GetHandleVerifier [0x00B7D1B8+533624]
	GetHandleVerifier [0x00B7704A+508682]
	Ordinal0 [0x00A6C266+1032806]
	Ordinal0 [0x00A6C0DF+1032415]
	Ordinal0 [0x00A76A8B+1075851]
	Ordinal0 [0x00A76BF3+1076211]
	Ordinal0 [0x00A75BA5+1072037]
	BaseThreadInitThunk [0x77636A14+36]
	RtlInitializeExceptionChain [0x77C2AD8F+143]
	RtlInitializeExceptionChain [0x77C2AD5A+90]

	at org.openqa.selenium.remote.W3CHandshakeResponse.lambda$errorHandler$0(W3CHandshakeResponse.java:62)
	at org.openqa.selenium.remote.HandshakeResponse.lambda$getResponseFunction$0(HandshakeResponse.java:30)
	at org.openqa.selenium.remote.ProtocolHandshake.lambda$createSession$0(ProtocolHandshake.java:126)
	at java.base/java.util.stream.ReferencePipeline$3$1.accept(ReferencePipeline.java:195)
	at java.base/java.util.Spliterators$ArraySpliterator.tryAdvance(Spliterators.java:958)
	at java.base/java.util.stream.ReferencePipeline.forEachWithCancel(ReferencePipeline.java:127)
	at java.base/java.util.stream.AbstractPipeline.copyIntoWithCancel(AbstractPipeline.java:502)
	at java.base/java.util.stream.AbstractPipeline.copyInto(AbstractPipeline.java:488)
	at java.base/java.util.stream.AbstractPipeline.wrapAndCopyInto(AbstractPipeline.java:474)
	at java.base/java.util.stream.FindOps$FindOp.evaluateSequential(FindOps.java:150)
	at java.base/java.util.stream.AbstractPipeline.evaluate(AbstractPipeline.java:234)
	at java.base/java.util.stream.ReferencePipeline.findFirst(ReferencePipeline.java:543)
	at org.openqa.selenium.remote.ProtocolHandshake.createSession(ProtocolHandshake.java:128)
	at org.openqa.selenium.remote.ProtocolHandshake.createSession(ProtocolHandshake.java:74)
	at org.openqa.selenium.remote.HttpCommandExecutor.execute(HttpCommandExecutor.java:136)
	at org.openqa.selenium.remote.service.DriverCommandExecutor.execute(DriverCommandExecutor.java:83)
	at org.openqa.selenium.remote.RemoteWebDriver.execute(RemoteWebDriver.java:552)
	at org.openqa.selenium.remote.RemoteWebDriver.startSession(RemoteWebDriver.java:213)
	at org.openqa.selenium.remote.RemoteWebDriver.&lt;init&gt;(RemoteWebDriver.java:131)
	at org.openqa.selenium.chrome.ChromeDriver.&lt;init&gt;(ChromeDriver.java:181)
	at org.openqa.selenium.chrome.ChromeDriver.&lt;init&gt;(ChromeDriver.java:168)
	at org.openqa.selenium.chrome.ChromeDriver.&lt;init&gt;(ChromeDriver.java:123)
	at com.qa.basetest.BaseTest.initialization(BaseTest.java:29)
	at com.qa.crm.test.EntryPageTest.setUp(EntryPageTest.java:23)
... Removed 32 stack frames</div></td></tr></table><p class="totop"><a href="#summary">back to summary</a></p>
<h3 id="m7">com.qa.crm.test.EntryPageTest#loginButtonClickTest</h3><table class="result"><tr><th>Exception</th></tr><tr><td><div class="stacktrace">org.openqa.selenium.SessionNotCreatedException: session not created: This version of ChromeDriver only supports Chrome version 76
Build info: version: &apos;3.141.59&apos;, revision: &apos;e82be7d358&apos;, time: &apos;2018-11-14T08:17:03&apos;
System info: host: &apos;THOUFIC&apos;, ip: &apos;192.168.31.12&apos;, os.name: &apos;Windows 8.1&apos;, os.arch: &apos;amd64&apos;, os.version: &apos;6.3&apos;, java.version: &apos;11.0.4&apos;
Driver info: driver.version: ChromeDriver
remote stacktrace: Backtrace:
	Ordinal0 [0x00AD7C93+1473683]
	Ordinal0 [0x00A5ADB1+961969]
	Ordinal0 [0x009E42E3+475875]
	Ordinal0 [0x0097F365+62309]
	Ordinal0 [0x0097BC77+48247]
	Ordinal0 [0x00999149+168265]
	Ordinal0 [0x00998D1D+167197]
	Ordinal0 [0x0099742B+160811]
	Ordinal0 [0x00980AE6+68326]
	Ordinal0 [0x00981BF0+72688]
	Ordinal0 [0x00981B89+72585]
	Ordinal0 [0x00A74B77+1067895]
	GetHandleVerifier [0x00B76875+506677]
	GetHandleVerifier [0x00B76610+506064]
	GetHandleVerifier [0x00B7D1B8+533624]
	GetHandleVerifier [0x00B7704A+508682]
	Ordinal0 [0x00A6C266+1032806]
	Ordinal0 [0x00A6C0DF+1032415]
	Ordinal0 [0x00A76A8B+1075851]
	Ordinal0 [0x00A76BF3+1076211]
	Ordinal0 [0x00A75BA5+1072037]
	BaseThreadInitThunk [0x77636A14+36]
	RtlInitializeExceptionChain [0x77C2AD8F+143]
	RtlInitializeExceptionChain [0x77C2AD5A+90]

	at org.openqa.selenium.remote.W3CHandshakeResponse.lambda$errorHandler$0(W3CHandshakeResponse.java:62)
	at org.openqa.selenium.remote.HandshakeResponse.lambda$getResponseFunction$0(HandshakeResponse.java:30)
	at org.openqa.selenium.remote.ProtocolHandshake.lambda$createSession$0(ProtocolHandshake.java:126)
	at java.base/java.util.stream.ReferencePipeline$3$1.accept(ReferencePipeline.java:195)
	at java.base/java.util.Spliterators$ArraySpliterator.tryAdvance(Spliterators.java:958)
	at java.base/java.util.stream.ReferencePipeline.forEachWithCancel(ReferencePipeline.java:127)
	at java.base/java.util.stream.AbstractPipeline.copyIntoWithCancel(AbstractPipeline.java:502)
	at java.base/java.util.stream.AbstractPipeline.copyInto(AbstractPipeline.java:488)
	at java.base/java.util.stream.AbstractPipeline.wrapAndCopyInto(AbstractPipeline.java:474)
	at java.base/java.util.stream.FindOps$FindOp.evaluateSequential(FindOps.java:150)
	at java.base/java.util.stream.AbstractPipeline.evaluate(AbstractPipeline.java:234)
	at java.base/java.util.stream.ReferencePipeline.findFirst(ReferencePipeline.java:543)
	at org.openqa.selenium.remote.ProtocolHandshake.createSession(ProtocolHandshake.java:128)
	at org.openqa.selenium.remote.ProtocolHandshake.createSession(ProtocolHandshake.java:74)
	at org.openqa.selenium.remote.HttpCommandExecutor.execute(HttpCommandExecutor.java:136)
	at org.openqa.selenium.remote.service.DriverCommandExecutor.execute(DriverCommandExecutor.java:83)
	at org.openqa.selenium.remote.RemoteWebDriver.execute(RemoteWebDriver.java:552)
	at org.openqa.selenium.remote.RemoteWebDriver.startSession(RemoteWebDriver.java:213)
	at org.openqa.selenium.remote.RemoteWebDriver.&lt;init&gt;(RemoteWebDriver.java:131)
	at org.openqa.selenium.chrome.ChromeDriver.&lt;init&gt;(ChromeDriver.java:181)
	at org.openqa.selenium.chrome.ChromeDriver.&lt;init&gt;(ChromeDriver.java:168)
	at org.openqa.selenium.chrome.ChromeDriver.&lt;init&gt;(ChromeDriver.java:123)
	at com.qa.basetest.BaseTest.initialization(BaseTest.java:29)
	at com.qa.crm.test.EntryPageTest.setUp(EntryPageTest.java:23)
... Removed 32 stack frames</div></td></tr></table><p class="totop"><a href="#summary">back to summary</a></p>
<h3 id="m8">com.qa.crm.test.EntryPageTest#loginButtonTest</h3><table class="result"><tr><th>Exception</th></tr><tr><td><div class="stacktrace">org.openqa.selenium.SessionNotCreatedException: session not created: This version of ChromeDriver only supports Chrome version 76
Build info: version: &apos;3.141.59&apos;, revision: &apos;e82be7d358&apos;, time: &apos;2018-11-14T08:17:03&apos;
System info: host: &apos;THOUFIC&apos;, ip: &apos;192.168.31.12&apos;, os.name: &apos;Windows 8.1&apos;, os.arch: &apos;amd64&apos;, os.version: &apos;6.3&apos;, java.version: &apos;11.0.4&apos;
Driver info: driver.version: ChromeDriver
remote stacktrace: Backtrace:
	Ordinal0 [0x00AD7C93+1473683]
	Ordinal0 [0x00A5ADB1+961969]
	Ordinal0 [0x009E42E3+475875]
	Ordinal0 [0x0097F365+62309]
	Ordinal0 [0x0097BC77+48247]
	Ordinal0 [0x00999149+168265]
	Ordinal0 [0x00998D1D+167197]
	Ordinal0 [0x0099742B+160811]
	Ordinal0 [0x00980AE6+68326]
	Ordinal0 [0x00981BF0+72688]
	Ordinal0 [0x00981B89+72585]
	Ordinal0 [0x00A74B77+1067895]
	GetHandleVerifier [0x00B76875+506677]
	GetHandleVerifier [0x00B76610+506064]
	GetHandleVerifier [0x00B7D1B8+533624]
	GetHandleVerifier [0x00B7704A+508682]
	Ordinal0 [0x00A6C266+1032806]
	Ordinal0 [0x00A6C0DF+1032415]
	Ordinal0 [0x00A76A8B+1075851]
	Ordinal0 [0x00A76BF3+1076211]
	Ordinal0 [0x00A75BA5+1072037]
	BaseThreadInitThunk [0x77636A14+36]
	RtlInitializeExceptionChain [0x77C2AD8F+143]
	RtlInitializeExceptionChain [0x77C2AD5A+90]

	at org.openqa.selenium.remote.W3CHandshakeResponse.lambda$errorHandler$0(W3CHandshakeResponse.java:62)
	at org.openqa.selenium.remote.HandshakeResponse.lambda$getResponseFunction$0(HandshakeResponse.java:30)
	at org.openqa.selenium.remote.ProtocolHandshake.lambda$createSession$0(ProtocolHandshake.java:126)
	at java.base/java.util.stream.ReferencePipeline$3$1.accept(ReferencePipeline.java:195)
	at java.base/java.util.Spliterators$ArraySpliterator.tryAdvance(Spliterators.java:958)
	at java.base/java.util.stream.ReferencePipeline.forEachWithCancel(ReferencePipeline.java:127)
	at java.base/java.util.stream.AbstractPipeline.copyIntoWithCancel(AbstractPipeline.java:502)
	at java.base/java.util.stream.AbstractPipeline.copyInto(AbstractPipeline.java:488)
	at java.base/java.util.stream.AbstractPipeline.wrapAndCopyInto(AbstractPipeline.java:474)
	at java.base/java.util.stream.FindOps$FindOp.evaluateSequential(FindOps.java:150)
	at java.base/java.util.stream.AbstractPipeline.evaluate(AbstractPipeline.java:234)
	at java.base/java.util.stream.ReferencePipeline.findFirst(ReferencePipeline.java:543)
	at org.openqa.selenium.remote.ProtocolHandshake.createSession(ProtocolHandshake.java:128)
	at org.openqa.selenium.remote.ProtocolHandshake.createSession(ProtocolHandshake.java:74)
	at org.openqa.selenium.remote.HttpCommandExecutor.execute(HttpCommandExecutor.java:136)
	at org.openqa.selenium.remote.service.DriverCommandExecutor.execute(DriverCommandExecutor.java:83)
	at org.openqa.selenium.remote.RemoteWebDriver.execute(RemoteWebDriver.java:552)
	at org.openqa.selenium.remote.RemoteWebDriver.startSession(RemoteWebDriver.java:213)
	at org.openqa.selenium.remote.RemoteWebDriver.&lt;init&gt;(RemoteWebDriver.java:131)
	at org.openqa.selenium.chrome.ChromeDriver.&lt;init&gt;(ChromeDriver.java:181)
	at org.openqa.selenium.chrome.ChromeDriver.&lt;init&gt;(ChromeDriver.java:168)
	at org.openqa.selenium.chrome.ChromeDriver.&lt;init&gt;(ChromeDriver.java:123)
	at com.qa.basetest.BaseTest.initialization(BaseTest.java:29)
	at com.qa.crm.test.EntryPageTest.setUp(EntryPageTest.java:23)
... Removed 32 stack frames</div></td></tr></table><p class="totop"><a href="#summary">back to summary</a></p>
</body>
</html>
