<?xml version="1.0" encoding="UTF-8"?>
<!-- Generated by org.testng.reporters.JUnitReportReporter -->
<testsuite hostname="THOUFIC" failures="0" tests="4" name="com.qa.crm.test.EntryPageTest" time="2.040" errors="1" timestamp="25 Dec 2019 19:49:24 GMT" skipped="3">
  <testcase classname="com.qa.crm.test.EntryPageTest" name="setUp" time="2.040">
    <error message="session not created: This version of ChromeDriver only supports Chrome version 76
Build info: version: &#039;3.141.59&#039;, revision: &#039;e82be7d358&#039;, time: &#039;2018-11-14T08:17:03&#039;
System info: host: &#039;THOUFIC&#039;, ip: &#039;192.168.31.12&#039;, os.name: &#039;Windows 8.1&#039;, os.arch: &#039;amd64&#039;, os.version: &#039;6.3&#039;, java.version: &#039;11.0.4&#039;
Driver info: driver.version: ChromeDriver
remote stacktrace: Backtrace:
	Ordinal0 [0x00AD7C93+1473683]
	Ordinal0 [0x00A5ADB1+961969]
	Ordinal0 [0x009E42E3+475875]
	Ordinal0 [0x0097F365+62309]
	Ordinal0 [0x0097BC77+48247]
	Ordinal0 [0x00999149+168265]
	Ordinal0 [0x00998D1D+167197]
	Ordinal0 [0x0099742B+160811]
	Ordinal0 [0x00980AE6+68326]
	Ordinal0 [0x00981BF0+72688]
	Ordinal0 [0x00981B89+72585]
	Ordinal0 [0x00A74B77+1067895]
	GetHandleVerifier [0x00B76875+506677]
	GetHandleVerifier [0x00B76610+506064]
	GetHandleVerifier [0x00B7D1B8+533624]
	GetHandleVerifier [0x00B7704A+508682]
	Ordinal0 [0x00A6C266+1032806]
	Ordinal0 [0x00A6C0DF+1032415]
	Ordinal0 [0x00A76A8B+1075851]
	Ordinal0 [0x00A76BF3+1076211]
	Ordinal0 [0x00A75BA5+1072037]
	BaseThreadInitThunk [0x77636A14+36]
	RtlInitializeExceptionChain [0x77C2AD8F+143]
	RtlInitializeExceptionChain [0x77C2AD5A+90]
" type="org.openqa.selenium.SessionNotCreatedException">
      <![CDATA[org.openqa.selenium.SessionNotCreatedException: session not created: This version of ChromeDriver only supports Chrome version 76
Build info: version: '3.141.59', revision: 'e82be7d358', time: '2018-11-14T08:17:03'
System info: host: 'THOUFIC', ip: '192.168.31.12', os.name: 'Windows 8.1', os.arch: 'amd64', os.version: '6.3', java.version: '11.0.4'
Driver info: driver.version: ChromeDriver
remote stacktrace: Backtrace:
Ordinal0 [0x00AD7C93+1473683]
Ordinal0 [0x00A5ADB1+961969]
Ordinal0 [0x009E42E3+475875]
Ordinal0 [0x0097F365+62309]
Ordinal0 [0x0097BC77+48247]
Ordinal0 [0x00999149+168265]
Ordinal0 [0x00998D1D+167197]
Ordinal0 [0x0099742B+160811]
Ordinal0 [0x00980AE6+68326]
Ordinal0 [0x00981BF0+72688]
Ordinal0 [0x00981B89+72585]
Ordinal0 [0x00A74B77+1067895]
GetHandleVerifier [0x00B76875+506677]
GetHandleVerifier [0x00B76610+506064]
GetHandleVerifier [0x00B7D1B8+533624]
GetHandleVerifier [0x00B7704A+508682]
Ordinal0 [0x00A6C266+1032806]
Ordinal0 [0x00A6C0DF+1032415]
Ordinal0 [0x00A76A8B+1075851]
Ordinal0 [0x00A76BF3+1076211]
Ordinal0 [0x00A75BA5+1072037]
BaseThreadInitThunk [0x77636A14+36]
RtlInitializeExceptionChain [0x77C2AD8F+143]
RtlInitializeExceptionChain [0x77C2AD5A+90]

at java.base/jdk.internal.reflect.NativeConstructorAccessorImpl.newInstance0(Native Method)
at java.base/jdk.internal.reflect.NativeConstructorAccessorImpl.newInstance(NativeConstructorAccessorImpl.java:62)
at java.base/jdk.internal.reflect.DelegatingConstructorAccessorImpl.newInstance(DelegatingConstructorAccessorImpl.java:45)
at java.base/java.lang.reflect.Constructor.newInstance(Constructor.java:490)
at org.openqa.selenium.remote.W3CHandshakeResponse.lambda$errorHandler$0(W3CHandshakeResponse.java:62)
at org.openqa.selenium.remote.HandshakeResponse.lambda$getResponseFunction$0(HandshakeResponse.java:30)
at org.openqa.selenium.remote.ProtocolHandshake.lambda$createSession$0(ProtocolHandshake.java:126)
at java.base/java.util.stream.ReferencePipeline$3$1.accept(ReferencePipeline.java:195)
at java.base/java.util.Spliterators$ArraySpliterator.tryAdvance(Spliterators.java:958)
at java.base/java.util.stream.ReferencePipeline.forEachWithCancel(ReferencePipeline.java:127)
at java.base/java.util.stream.AbstractPipeline.copyIntoWithCancel(AbstractPipeline.java:502)
at java.base/java.util.stream.AbstractPipeline.copyInto(AbstractPipeline.java:488)
at java.base/java.util.stream.AbstractPipeline.wrapAndCopyInto(AbstractPipeline.java:474)
at java.base/java.util.stream.FindOps$FindOp.evaluateSequential(FindOps.java:150)
at java.base/java.util.stream.AbstractPipeline.evaluate(AbstractPipeline.java:234)
at java.base/java.util.stream.ReferencePipeline.findFirst(ReferencePipeline.java:543)
at org.openqa.selenium.remote.ProtocolHandshake.createSession(ProtocolHandshake.java:128)
at org.openqa.selenium.remote.ProtocolHandshake.createSession(ProtocolHandshake.java:74)
at org.openqa.selenium.remote.HttpCommandExecutor.execute(HttpCommandExecutor.java:136)
at org.openqa.selenium.remote.service.DriverCommandExecutor.execute(DriverCommandExecutor.java:83)
at org.openqa.selenium.remote.RemoteWebDriver.execute(RemoteWebDriver.java:552)
at org.openqa.selenium.remote.RemoteWebDriver.startSession(RemoteWebDriver.java:213)
at org.openqa.selenium.remote.RemoteWebDriver.<init>(RemoteWebDriver.java:131)
at org.openqa.selenium.chrome.ChromeDriver.<init>(ChromeDriver.java:181)
at org.openqa.selenium.chrome.ChromeDriver.<init>(ChromeDriver.java:168)
at org.openqa.selenium.chrome.ChromeDriver.<init>(ChromeDriver.java:123)
at com.qa.basetest.BaseTest.initialization(BaseTest.java:29)
at com.qa.crm.test.EntryPageTest.setUp(EntryPageTest.java:23)
at java.base/jdk.internal.reflect.NativeMethodAccessorImpl.invoke0(Native Method)
at java.base/jdk.internal.reflect.NativeMethodAccessorImpl.invoke(NativeMethodAccessorImpl.java:62)
at java.base/jdk.internal.reflect.DelegatingMethodAccessorImpl.invoke(DelegatingMethodAccessorImpl.java:43)
at java.base/java.lang.reflect.Method.invoke(Method.java:566)
at org.testng.internal.MethodInvocationHelper.invokeMethod(MethodInvocationHelper.java:124)
at org.testng.internal.MethodInvocationHelper.invokeMethodConsideringTimeout(MethodInvocationHelper.java:59)
at org.testng.internal.Invoker.invokeConfigurationMethod(Invoker.java:458)
at org.testng.internal.Invoker.invokeConfigurations(Invoker.java:222)
at org.testng.internal.Invoker.invokeMethod(Invoker.java:523)
at org.testng.internal.Invoker.invokeTestMethod(Invoker.java:719)
at org.testng.internal.Invoker.invokeTestMethods(Invoker.java:989)
at org.testng.internal.TestMethodWorker.invokeTestMethods(TestMethodWorker.java:125)
at org.testng.internal.TestMethodWorker.run(TestMethodWorker.java:109)
at org.testng.TestRunner.privateRun(TestRunner.java:648)
at org.testng.TestRunner.run(TestRunner.java:505)
at org.testng.SuiteRunner.runTest(SuiteRunner.java:455)
at org.testng.SuiteRunner.runSequentially(SuiteRunner.java:450)
at org.testng.SuiteRunner.privateRun(SuiteRunner.java:415)
at org.testng.SuiteRunner.run(SuiteRunner.java:364)
at org.testng.SuiteRunnerWorker.runSuite(SuiteRunnerWorker.java:52)
at org.testng.SuiteRunnerWorker.run(SuiteRunnerWorker.java:84)
at org.testng.TestNG.runSuitesSequentially(TestNG.java:1208)
at org.testng.TestNG.runSuitesLocally(TestNG.java:1137)
at org.testng.TestNG.runSuites(TestNG.java:1049)
at org.testng.TestNG.run(TestNG.java:1017)
at org.testng.remote.AbstractRemoteTestNG.run(AbstractRemoteTestNG.java:115)
at org.testng.remote.RemoteTestNG.initAndRun(RemoteTestNG.java:251)
at org.testng.remote.RemoteTestNG.main(RemoteTestNG.java:77)
]]>
    </error>
  </testcase> <!-- setUp -->
  <testcase classname="com.qa.crm.test.EntryPageTest" name="entryPageTitleTest" time="0.000">
    <skipped/>
  </testcase> <!-- entryPageTitleTest -->
  <testcase classname="com.qa.crm.test.EntryPageTest" name="loginButtonTest" time="0.000">
    <skipped/>
  </testcase> <!-- loginButtonTest -->
  <testcase classname="com.qa.crm.test.EntryPageTest" name="loginButtonClickTest" time="0.000">
    <skipped/>
  </testcase> <!-- loginButtonClickTest -->
</testsuite> <!-- com.qa.crm.test.EntryPageTest -->
